<?xml version="1.0" encoding="UTF-8"?>
<!-- Generated by org.testng.reporters.JUnitReportReporter -->
<testsuite hostname="DESKTOP-88A36IA" failures="0" tests="1" name="testNGexecution.SelectBrowser1" time="18.391" errors="0" timestamp="2023-05-25T10:51:26 IST" skipped="0">
  <testcase classname="testNGexecution.SelectBrowser1" name="Methods1" time="18.391"/>
  <system-out/>
</testsuite> <!-- testNGexecution.SelectBrowser1 -->
