<?xml version="1.0" encoding="UTF-8"?>
<!-- Generated by org.testng.reporters.JUnitReportReporter -->
<testsuite hostname="DESKTOP-88A36IA" failures="0" tests="3" name="testNGFlags.Flag5" time="0.037" errors="0" timestamp="2023-05-26T10:56:23 IST" skipped="0">
  <testcase classname="testNGFlags.Flag5" name="logoutMethod" time="0.009"/>
  <system-out>
    <![CDATA[logout perform!!!]]>
  </system-out>
  <testcase classname="testNGFlags.Flag5" name="createUser" time="0.011"/>
  <system-out>
    <![CDATA[user create!!!,]]>
  </system-out>
  <testcase classname="testNGFlags.Flag5" name="loginMethod" time="0.017"/>
  <system-out>
    <![CDATA[login perform,]]>
  </system-out>
</testsuite> <!-- testNGFlags.Flag5 -->
