<?xml version="1.0" encoding="UTF-8"?>
<!-- Generated by org.testng.reporters.JUnitReportReporter -->
<testsuite hostname="DESKTOP-88A36IA" failures="0" tests="2" name="testNGFlags.Flag2" time="0.024" errors="0" timestamp="2023-05-26T10:16:38 IST" skipped="0">
  <testcase classname="testNGFlags.Flag2" name="method2" time="0.006"/>
  <system-out>
    <![CDATA[logout performd!!!]]>
  </system-out>
  <testcase classname="testNGFlags.Flag2" name="method1" time="0.018"/>
  <system-out>
    <![CDATA[login perform!!!]]>
  </system-out>
</testsuite> <!-- testNGFlags.Flag2 -->
