<?xml version="1.0" encoding="UTF-8"?>
<!-- Generated by org.testng.reporters.JUnitReportReporter -->
<testsuite hostname="DESKTOP-88A36IA" failures="0" tests="10" name="testNGFlags.Flag3" time="0.071" errors="0" timestamp="2023-05-26T10:21:32 IST" skipped="0">
  <testcase classname="testNGFlags.Flag3" name="method1" time="0.008"/>
  <system-out>
    <![CDATA[Rushikesh patil]]>
  </system-out>
  <testcase classname="testNGFlags.Flag3" name="method1" time="0.002"/>
  <system-out>
    <![CDATA[Rushikesh patil]]>
  </system-out>
  <testcase classname="testNGFlags.Flag3" name="method1" time="0.003"/>
  <system-out>
    <![CDATA[Rushikesh patil]]>
  </system-out>
  <testcase classname="testNGFlags.Flag3" name="method1" time="0.002"/>
  <system-out>
    <![CDATA[Rushikesh patil]]>
  </system-out>
  <testcase classname="testNGFlags.Flag3" name="method1" time="0.010"/>
  <system-out>
    <![CDATA[Rushikesh patil]]>
  </system-out>
  <testcase classname="testNGFlags.Flag3" name="method1" time="0.006"/>
  <system-out>
    <![CDATA[Rushikesh patil]]>
  </system-out>
  <testcase classname="testNGFlags.Flag3" name="method1" time="0.006"/>
  <system-out>
    <![CDATA[Rushikesh patil]]>
  </system-out>
  <testcase classname="testNGFlags.Flag3" name="method1" time="0.011"/>
  <system-out>
    <![CDATA[Rushikesh patil]]>
  </system-out>
  <testcase classname="testNGFlags.Flag3" name="method1" time="0.016"/>
  <system-out>
    <![CDATA[Rushikesh patil]]>
  </system-out>
  <testcase classname="testNGFlags.Flag3" name="method1" time="0.007"/>
  <system-out>
    <![CDATA[Rushikesh patil]]>
  </system-out>
</testsuite> <!-- testNGFlags.Flag3 -->
