<?xml version="1.0" encoding="UTF-8"?>
<!-- Generated by org.testng.reporters.JUnitReportReporter -->
<testsuite hostname="DESKTOP-88A36IA" failures="0" tests="1" name="testNG.Test1" time="38.966" errors="0" timestamp="2023-05-24T09:49:58 IST" skipped="0">
  <testcase classname="testNG.Test1" name="test1Method" time="38.966"/>
  <system-out/>
</testsuite> <!-- testNG.Test1 -->
