<?xml version="1.0" encoding="UTF-8"?>
<!-- Generated by org.testng.reporters.JUnitReportReporter -->
<testsuite hostname="DESKTOP-88A36IA" failures="0" tests="1" name="testNG.Test2" time="25.433" errors="0" timestamp="2023-05-24T09:49:58 IST" skipped="0">
  <testcase classname="testNG.Test2" name="test2Method" time="25.433"/>
  <system-out/>
</testsuite> <!-- testNG.Test2 -->
