<?xml version="1.0" encoding="UTF-8"?>
<!-- Generated by org.testng.reporters.JUnitReportReporter -->
<testsuite hostname="DESKTOP-88A36IA" failures="0" tests="1" name="testNG.Demo" time="0.003" errors="0" timestamp="2023-05-23T22:32:47 IST" skipped="0">
  <testcase classname="testNG.Demo" name="f" time="0.003"/>
  <system-out>
    <![CDATA[where is selenium]]>
  </system-out>
</testsuite> <!-- testNG.Demo -->
