<?xml version="1.0" encoding="UTF-8"?>
<!-- Generated by org.testng.reporters.JUnitReportReporter -->
<testsuite hostname="DESKTOP-88A36IA" failures="0" tests="3" name="testNGAnnotation.GoogleSearchTestCase" time="99.175" errors="0" timestamp="2023-05-26T10:03:59 IST" skipped="0">
  <testcase classname="testNGAnnotation.GoogleSearchTestCase" name="search2" time="62.444"/>
  <system-out/>
  <testcase classname="testNGAnnotation.GoogleSearchTestCase" name="search3" time="13.381"/>
  <system-out/>
  <testcase classname="testNGAnnotation.GoogleSearchTestCase" name="search1" time="23.350"/>
  <system-out/>
</testsuite> <!-- testNGAnnotation.GoogleSearchTestCase -->
