<?xml version="1.0" encoding="UTF-8"?>
<!-- Generated by org.testng.reporters.JUnitReportReporter -->
<testsuite hostname="DESKTOP-88A36IA" failures="0" tests="2" name="testngpack2.MethodExecution" time="0.025" errors="0" timestamp="2023-05-24T10:33:13 IST" skipped="0">
  <testcase classname="testngpack2.MethodExecution" name="method2" time="0.006"/>
  <system-out>
    <![CDATA[1:is the thread of method2
method2]]>
  </system-out>
  <testcase classname="testngpack2.MethodExecution" name="method1" time="0.019"/>
  <system-out>
    <![CDATA[1:is the thred of the method1
method1()]]>
  </system-out>
</testsuite> <!-- testngpack2.MethodExecution -->
