<?xml version="1.0" encoding="UTF-8"?>
<!-- Generated by org.testng.reporters.JUnitReportReporter -->
<testsuite hostname="DESKTOP-88A36IA" failures="0" tests="1" name="testNG.Sumo" time="0.010" errors="0" timestamp="2023-05-23T22:32:47 IST" skipped="0">
  <testcase classname="testNG.Sumo" name="sumoMethod" time="0.010"/>
  <system-out>
    <![CDATA[Hi java]]>
  </system-out>
</testsuite> <!-- testNG.Sumo -->
