<?xml version="1.0" encoding="UTF-8"?>
<!-- Generated by org.testng.reporters.JUnitReportReporter -->
<testsuite hostname="DESKTOP-88A36IA" failures="0" tests="5" name="dynamicScreenShot.ActitimrDataProvider" time="51.396" errors="0" timestamp="2023-05-30T10:34:54 IST" skipped="0">
  <testcase classname="dynamicScreenShot.ActitimrDataProvider" name="loginInvalid" time="10.530"/>
  <system-out/>
  <testcase classname="dynamicScreenShot.ActitimrDataProvider" name="loginInvalid" time="9.990"/>
  <system-out/>
  <testcase classname="dynamicScreenShot.ActitimrDataProvider" name="loginInvalid" time="11.153"/>
  <system-out/>
  <testcase classname="dynamicScreenShot.ActitimrDataProvider" name="loginInvalid" time="9.765"/>
  <system-out/>
  <testcase classname="dynamicScreenShot.ActitimrDataProvider" name="loginInvalid" time="9.958"/>
  <system-out/>
</testsuite> <!-- dynamicScreenShot.ActitimrDataProvider -->
