<?xml version="1.0" encoding="UTF-8"?>
<!-- Generated by org.testng.reporters.JUnitReportReporter -->
<testsuite hostname="DESKTOP-88A36IA" failures="0" tests="1" name="testNG.Remo" time="0.003" errors="0" timestamp="2023-05-23T22:32:47 IST" skipped="0">
  <testcase classname="testNG.Remo" name="remoMethod" time="0.003"/>
  <system-out>
    <![CDATA[hello testNG]]>
  </system-out>
</testsuite> <!-- testNG.Remo -->
